{"C:\\Users\\EQUIPO\\Desktop\\Test th\\Movie-Project\\src\\components\\LoadingSpinner\\LoadingSpinner.tsx": {"path":"C:\\Users\\EQUIPO\\Desktop\\Test th\\Movie-Project\\src\\components\\LoadingSpinner\\LoadingSpinner.tsx","statementMap":{"0":{"start":{"line":2,"column":0},"end":{"line":2,"column":60}},"1":{"start":{"line":4,"column":0},"end":{"line":4,"column":49}},"2":{"start":{"line":6,"column":30},"end":{"line":17,"column":1}},"3":{"start":{"line":7,"column":4},"end":{"line":16,"column":null}},"4":{"start":{"line":6,"column":13},"end":{"line":6,"column":30}}},"fnMap":{"0":{"name":"(anonymous_0)","decl":{"start":{"line":6,"column":30},"end":{"line":6,"column":31}},"loc":{"start":{"line":6,"column":69},"end":{"line":17,"column":1}}}},"branchMap":{"0":{"loc":{"start":{"line":10,"column":12},"end":{"line":12,"column":null}},"type":"binary-expr","locations":[{"start":{"line":10,"column":12},"end":{"line":10,"column":21}},{"start":{"line":11,"column":12},"end":{"line":12,"column":null}}]}},"s":{"0":1,"1":1,"2":1,"3":1,"4":1},"f":{"0":1},"b":{"0":[1,1]}}
,"C:\\Users\\EQUIPO\\Desktop\\Test th\\Movie-Project\\src\\components\\MovieCard\\MovieCard.tsx": {"path":"C:\\Users\\EQUIPO\\Desktop\\Test th\\Movie-Project\\src\\components\\MovieCard\\MovieCard.tsx","statementMap":{"0":{"start":{"line":1,"column":0},"end":{"line":1,"column":38}},"1":{"start":{"line":2,"column":0},"end":{"line":2,"column":52}},"2":{"start":{"line":3,"column":0},"end":{"line":3,"column":48}},"3":{"start":{"line":4,"column":0},"end":{"line":4,"column":52}},"4":{"start":{"line":5,"column":0},"end":{"line":5,"column":50}},"5":{"start":{"line":6,"column":0},"end":{"line":6,"column":53}},"6":{"start":{"line":7,"column":0},"end":{"line":7,"column":44}},"7":{"start":{"line":9,"column":0},"end":{"line":9,"column":50}},"8":{"start":{"line":10,"column":0},"end":{"line":10,"column":56}},"9":{"start":{"line":11,"column":0},"end":{"line":11,"column":52}},"10":{"start":{"line":12,"column":0},"end":{"line":12,"column":40}},"11":{"start":{"line":14,"column":25},"end":{"line":60,"column":1}},"12":{"start":{"line":15,"column":4},"end":{"line":59,"column":null}},"13":{"start":{"line":40,"column":28},"end":{"line":48,"column":null}},"14":{"start":{"line":52,"column":80},"end":{"line":52,"column":111}},"15":{"start":{"line":14,"column":13},"end":{"line":14,"column":25}}},"fnMap":{"0":{"name":"(anonymous_0)","decl":{"start":{"line":14,"column":25},"end":{"line":14,"column":26}},"loc":{"start":{"line":14,"column":130},"end":{"line":60,"column":1}}},"1":{"name":"(anonymous_1)","decl":{"start":{"line":39,"column":74},"end":{"line":39,"column":77}},"loc":{"start":{"line":39,"column":79},"end":{"line":49,"column":25}}},"2":{"name":"(anonymous_2)","decl":{"start":{"line":52,"column":72},"end":{"line":52,"column":75}},"loc":{"start":{"line":52,"column":77},"end":{"line":52,"column":112}}}},"branchMap":{"0":{"loc":{"start":{"line":37,"column":20},"end":{"line":54,"column":null}},"type":"binary-expr","locations":[{"start":{"line":37,"column":20},"end":{"line":37,"column":36}},{"start":{"line":38,"column":20},"end":{"line":54,"column":null}}]},"1":{"loc":{"start":{"line":40,"column":28},"end":{"line":48,"column":43}},"type":"binary-expr","locations":[{"start":{"line":40,"column":28},"end":{"line":40,"column":44}},{"start":{"line":40,"column":48},"end":{"line":48,"column":43}}]},"2":{"loc":{"start":{"line":50,"column":53},"end":{"line":50,"column":113}},"type":"cond-expr","locations":[{"start":{"line":50,"column":66},"end":{"line":50,"column":92}},{"start":{"line":50,"column":95},"end":{"line":50,"column":113}}]},"3":{"loc":{"start":{"line":52,"column":80},"end":{"line":52,"column":110}},"type":"binary-expr","locations":[{"start":{"line":52,"column":80},"end":{"line":52,"column":91}},{"start":{"line":52,"column":95},"end":{"line":52,"column":110}}]}},"s":{"0":2,"1":2,"2":2,"3":2,"4":2,"5":2,"6":2,"7":2,"8":2,"9":2,"10":2,"11":2,"12":9,"13":2,"14":2,"15":2},"f":{"0":9,"1":2,"2":2},"b":{"0":[9,9],"1":[2,2],"2":[0,9],"3":[2,2]}}
,"C:\\Users\\EQUIPO\\Desktop\\Test th\\Movie-Project\\src\\components\\MovieCardsContainer\\MovieCardsContainer.tsx": {"path":"C:\\Users\\EQUIPO\\Desktop\\Test th\\Movie-Project\\src\\components\\MovieCardsContainer\\MovieCardsContainer.tsx","statementMap":{"0":{"start":{"line":1,"column":0},"end":{"line":1,"column":51}},"1":{"start":{"line":2,"column":0},"end":{"line":2,"column":54}},"2":{"start":{"line":3,"column":0},"end":{"line":3,"column":36}},"3":{"start":{"line":6,"column":35},"end":{"line":29,"column":1}},"4":{"start":{"line":8,"column":4},"end":{"line":28,"column":null}},"5":{"start":{"line":13,"column":20},"end":{"line":14,"column":null}},"6":{"start":{"line":6,"column":13},"end":{"line":6,"column":35}}},"fnMap":{"0":{"name":"(anonymous_0)","decl":{"start":{"line":6,"column":35},"end":{"line":6,"column":36}},"loc":{"start":{"line":6,"column":123},"end":{"line":29,"column":1}}},"1":{"name":"(anonymous_1)","decl":{"start":{"line":12,"column":27},"end":{"line":12,"column":28}},"loc":{"start":{"line":13,"column":20},"end":{"line":14,"column":null}}}},"branchMap":{},"s":{"0":1,"1":1,"2":1,"3":1,"4":3,"5":6,"6":1},"f":{"0":3,"1":6},"b":{}}
,"C:\\Users\\EQUIPO\\Desktop\\Test th\\Movie-Project\\src\\hooks\\useAppDispatch.ts": {"path":"C:\\Users\\EQUIPO\\Desktop\\Test th\\Movie-Project\\src\\hooks\\useAppDispatch.ts","statementMap":{"0":{"start":{"line":1,"column":0},"end":{"line":1,"column":42}},"1":{"start":{"line":4,"column":13},"end":{"line":4,"column":61}}},"fnMap":{},"branchMap":{},"s":{"0":1,"1":1},"f":{},"b":{}}
,"C:\\Users\\EQUIPO\\Desktop\\Test th\\Movie-Project\\src\\layouts\\NavBar\\NavBar.tsx": {"path":"C:\\Users\\EQUIPO\\Desktop\\Test th\\Movie-Project\\src\\layouts\\NavBar\\NavBar.tsx","statementMap":{"0":{"start":{"line":1,"column":0},"end":{"line":1,"column":42}},"1":{"start":{"line":2,"column":0},"end":{"line":2,"column":36}},"2":{"start":{"line":3,"column":0},"end":{"line":3,"column":52}},"3":{"start":{"line":4,"column":0},"end":{"line":4,"column":44}},"4":{"start":{"line":5,"column":0},"end":{"line":5,"column":50}},"5":{"start":{"line":6,"column":0},"end":{"line":6,"column":50}},"6":{"start":{"line":7,"column":0},"end":{"line":7,"column":48}},"7":{"start":{"line":8,"column":0},"end":{"line":8,"column":42}},"8":{"start":{"line":9,"column":0},"end":{"line":9,"column":33}},"9":{"start":{"line":10,"column":0},"end":{"line":10,"column":70}},"10":{"start":{"line":13,"column":20},"end":{"line":13,"column":23}},"11":{"start":{"line":15,"column":22},"end":{"line":91,"column":1}},"12":{"start":{"line":17,"column":40},"end":{"line":17,"column":55}},"13":{"start":{"line":19,"column":31},"end":{"line":21,"column":5}},"14":{"start":{"line":20,"column":8},"end":{"line":20,"column":35}},"15":{"start":{"line":23,"column":22},"end":{"line":23,"column":85}},"16":{"start":{"line":23,"column":51},"end":{"line":23,"column":73}},"17":{"start":{"line":25,"column":4},"end":{"line":90,"column":6}},"18":{"start":{"line":15,"column":13},"end":{"line":15,"column":22}}},"fnMap":{"0":{"name":"(anonymous_0)","decl":{"start":{"line":15,"column":22},"end":{"line":15,"column":23}},"loc":{"start":{"line":15,"column":68},"end":{"line":91,"column":1}}},"1":{"name":"(anonymous_1)","decl":{"start":{"line":19,"column":31},"end":{"line":19,"column":34}},"loc":{"start":{"line":19,"column":36},"end":{"line":21,"column":5}}},"2":{"name":"(anonymous_2)","decl":{"start":{"line":23,"column":45},"end":{"line":23,"column":48}},"loc":{"start":{"line":23,"column":51},"end":{"line":23,"column":73}}}},"branchMap":{"0":{"loc":{"start":{"line":23,"column":22},"end":{"line":23,"column":85}},"type":"cond-expr","locations":[{"start":{"line":23,"column":45},"end":{"line":23,"column":73}},{"start":{"line":23,"column":76},"end":{"line":23,"column":85}}]}},"s":{"0":1,"1":1,"2":1,"3":1,"4":1,"5":1,"6":1,"7":1,"8":1,"9":1,"10":1,"11":1,"12":1,"13":1,"14":0,"15":1,"16":0,"17":1,"18":1},"f":{"0":1,"1":0,"2":0},"b":{"0":[0,1]}}
,"C:\\Users\\EQUIPO\\Desktop\\Test th\\Movie-Project\\src\\layouts\\NavBar\\components\\CustomDrawer\\CustomDrawer.tsx": {"path":"C:\\Users\\EQUIPO\\Desktop\\Test th\\Movie-Project\\src\\layouts\\NavBar\\components\\CustomDrawer\\CustomDrawer.tsx","statementMap":{"0":{"start":{"line":1,"column":0},"end":{"line":1,"column":47}},"1":{"start":{"line":2,"column":0},"end":{"line":2,"column":109}},"2":{"start":{"line":3,"column":0},"end":{"line":3,"column":66}},"3":{"start":{"line":4,"column":0},"end":{"line":4,"column":40}},"4":{"start":{"line":6,"column":0},"end":{"line":6,"column":47}},"5":{"start":{"line":8,"column":28},"end":{"line":34,"column":1}},"6":{"start":{"line":10,"column":25},"end":{"line":10,"column":38}},"7":{"start":{"line":12,"column":4},"end":{"line":33,"column":null}},"8":{"start":{"line":18,"column":43},"end":{"line":18,"column":53}},"9":{"start":{"line":19,"column":24},"end":{"line":19,"column":70}},"10":{"start":{"line":8,"column":13},"end":{"line":8,"column":28}}},"fnMap":{"0":{"name":"(anonymous_0)","decl":{"start":{"line":8,"column":28},"end":{"line":8,"column":29}},"loc":{"start":{"line":8,"column":67},"end":{"line":34,"column":1}}},"1":{"name":"(anonymous_1)","decl":{"start":{"line":18,"column":34},"end":{"line":18,"column":39}},"loc":{"start":{"line":18,"column":43},"end":{"line":18,"column":53}}},"2":{"name":"(anonymous_2)","decl":{"start":{"line":18,"column":59},"end":{"line":18,"column":60}},"loc":{"start":{"line":19,"column":24},"end":{"line":19,"column":70}}}},"branchMap":{"0":{"loc":{"start":{"line":8,"column":31},"end":{"line":8,"column":42}},"type":"default-arg","locations":[{"start":{"line":8,"column":40},"end":{"line":8,"column":42}}]},"1":{"loc":{"start":{"line":20,"column":45},"end":{"line":20,"column":103}},"type":"cond-expr","locations":[{"start":{"line":20,"column":64},"end":{"line":20,"column":86}},{"start":{"line":20,"column":89},"end":{"line":20,"column":103}}]}},"s":{"0":2,"1":2,"2":2,"3":2,"4":2,"5":2,"6":3,"7":3,"8":9,"9":9,"10":2},"f":{"0":3,"1":9,"2":9},"b":{"0":[0],"1":[3,6]}}
,"C:\\Users\\EQUIPO\\Desktop\\Test th\\Movie-Project\\src\\store\\slices\\movie\\movieSlice.ts": {"path":"C:\\Users\\EQUIPO\\Desktop\\Test th\\Movie-Project\\src\\store\\slices\\movie\\movieSlice.ts","statementMap":{"0":{"start":{"line":1,"column":0},"end":{"line":1,"column":47}},"1":{"start":{"line":4,"column":34},"end":{"line":9,"column":2}},"2":{"start":{"line":11,"column":13},"end":{"line":35,"column":null}},"3":{"start":{"line":16,"column":12},"end":{"line":16,"column":40}},"4":{"start":{"line":17,"column":12},"end":{"line":17,"column":40}},"5":{"start":{"line":18,"column":12},"end":{"line":18,"column":50}},"6":{"start":{"line":19,"column":12},"end":{"line":19,"column":42}},"7":{"start":{"line":22,"column":26},"end":{"line":22,"column":77}},"8":{"start":{"line":22,"column":53},"end":{"line":22,"column":76}},"9":{"start":{"line":23,"column":12},"end":{"line":24,"column":54}},"10":{"start":{"line":24,"column":16},"end":{"line":24,"column":54}},"11":{"start":{"line":27,"column":27},"end":{"line":27,"column":77}},"12":{"start":{"line":27,"column":56},"end":{"line":27,"column":76}},"13":{"start":{"line":29,"column":12},"end":{"line":29,"column":34}},"14":{"start":{"line":32,"column":12},"end":{"line":32,"column":35}},"15":{"start":{"line":37,"column":13},"end":{"line":37,"column":71}}},"fnMap":{"0":{"name":"(anonymous_0)","decl":{"start":{"line":15,"column":19},"end":{"line":15,"column":20}},"loc":{"start":{"line":15,"column":42},"end":{"line":20,"column":9}}},"1":{"name":"(anonymous_1)","decl":{"start":{"line":21,"column":26},"end":{"line":21,"column":27}},"loc":{"start":{"line":21,"column":49},"end":{"line":25,"column":9}}},"2":{"name":"(anonymous_2)","decl":{"start":{"line":22,"column":44},"end":{"line":22,"column":49}},"loc":{"start":{"line":22,"column":53},"end":{"line":22,"column":76}}},"3":{"name":"(anonymous_3)","decl":{"start":{"line":26,"column":21},"end":{"line":26,"column":22}},"loc":{"start":{"line":26,"column":44},"end":{"line":30,"column":9}}},"4":{"name":"(anonymous_4)","decl":{"start":{"line":27,"column":47},"end":{"line":27,"column":52}},"loc":{"start":{"line":27,"column":56},"end":{"line":27,"column":76}}},"5":{"name":"(anonymous_5)","decl":{"start":{"line":31,"column":19},"end":{"line":31,"column":20}},"loc":{"start":{"line":31,"column":42},"end":{"line":33,"column":9}}}},"branchMap":{"0":{"loc":{"start":{"line":23,"column":12},"end":{"line":24,"column":54}},"type":"if","locations":[{"start":{"line":23,"column":12},"end":{"line":24,"column":54}}]}},"s":{"0":1,"1":1,"2":1,"3":1,"4":1,"5":1,"6":1,"7":1,"8":1,"9":1,"10":0,"11":1,"12":1,"13":1,"14":1,"15":1},"f":{"0":1,"1":1,"2":1,"3":1,"4":1,"5":1},"b":{"0":[0]}}
,"C:\\Users\\EQUIPO\\Desktop\\Test th\\Movie-Project\\src\\store\\slices\\movieGenre\\movieGenreSlice.ts": {"path":"C:\\Users\\EQUIPO\\Desktop\\Test th\\Movie-Project\\src\\store\\slices\\movieGenre\\movieGenreSlice.ts","statementMap":{"0":{"start":{"line":1,"column":0},"end":{"line":1,"column":47}},"1":{"start":{"line":4,"column":39},"end":{"line":6,"column":2}},"2":{"start":{"line":8,"column":13},"end":{"line":16,"column":null}},"3":{"start":{"line":13,"column":12},"end":{"line":13,"column":42}},"4":{"start":{"line":18,"column":15},"end":{"line":18,"column":58}}},"fnMap":{"0":{"name":"(anonymous_0)","decl":{"start":{"line":12,"column":24},"end":{"line":12,"column":25}},"loc":{"start":{"line":12,"column":47},"end":{"line":14,"column":9}}}},"branchMap":{},"s":{"0":1,"1":1,"2":1,"3":1,"4":1},"f":{"0":1},"b":{}}
,"C:\\Users\\EQUIPO\\Desktop\\Test th\\Movie-Project\\src\\store\\slices\\spinnerLoading\\spinnerLoadingSlice.ts": {"path":"C:\\Users\\EQUIPO\\Desktop\\Test th\\Movie-Project\\src\\store\\slices\\spinnerLoading\\spinnerLoadingSlice.ts","statementMap":{"0":{"start":{"line":1,"column":0},"end":{"line":1,"column":47}},"1":{"start":{"line":3,"column":13},"end":{"line":14,"column":null}},"2":{"start":{"line":8,"column":12},"end":{"line":8,"column":35}},"3":{"start":{"line":11,"column":12},"end":{"line":11,"column":36}},"4":{"start":{"line":16,"column":13},"end":{"line":16,"column":44}}},"fnMap":{"0":{"name":"(anonymous_0)","decl":{"start":{"line":7,"column":20},"end":{"line":7,"column":21}},"loc":{"start":{"line":7,"column":30},"end":{"line":9,"column":9}}},"1":{"name":"(anonymous_1)","decl":{"start":{"line":10,"column":22},"end":{"line":10,"column":23}},"loc":{"start":{"line":10,"column":32},"end":{"line":12,"column":9}}}},"branchMap":{},"s":{"0":2,"1":2,"2":2,"3":0,"4":2},"f":{"0":2,"1":0},"b":{}}
,"C:\\Users\\EQUIPO\\Desktop\\Test th\\Movie-Project\\test\\feaxure\\movieFeaxure.ts": {"path":"C:\\Users\\EQUIPO\\Desktop\\Test th\\Movie-Project\\test\\feaxure\\movieFeaxure.ts","statementMap":{"0":{"start":{"line":3,"column":13},"end":{"line":8,"column":null}},"1":{"start":{"line":10,"column":13},"end":{"line":25,"column":null}}},"fnMap":{},"branchMap":{},"s":{"0":1,"1":1},"f":{},"b":{}}
,"C:\\Users\\EQUIPO\\Desktop\\Test th\\Movie-Project\\test\\feaxure\\movieGenreFeaxure.ts": {"path":"C:\\Users\\EQUIPO\\Desktop\\Test th\\Movie-Project\\test\\feaxure\\movieGenreFeaxure.ts","statementMap":{"0":{"start":{"line":1,"column":13},"end":{"line":3,"column":null}},"1":{"start":{"line":5,"column":13},"end":{"line":16,"column":null}}},"fnMap":{},"branchMap":{},"s":{"0":1,"1":1},"f":{},"b":{}}
,"C:\\Users\\EQUIPO\\Desktop\\Test th\\Movie-Project\\test\\feaxure\\spinnerLoadingFeaxure.ts": {"path":"C:\\Users\\EQUIPO\\Desktop\\Test th\\Movie-Project\\test\\feaxure\\spinnerLoadingFeaxure.ts","statementMap":{"0":{"start":{"line":1,"column":13},"end":{"line":3,"column":null}},"1":{"start":{"line":5,"column":13},"end":{"line":7,"column":null}},"2":{"start":{"line":9,"column":13},"end":{"line":11,"column":null}}},"fnMap":{},"branchMap":{},"s":{"0":1,"1":1,"2":1},"f":{},"b":{}}
}
